<?xml version="1.0" encoding="UTF-8"?>
<testng-results ignored="0" total="2" passed="2" failed="0" skipped="0">
  <reporter-output>
  </reporter-output>
  <suite started-at="2021-10-23T18:32:57 IST" name="Default suite" finished-at="2021-10-23T18:34:20 IST" duration-ms="82962">
    <groups>
    </groups>
    <test started-at="2021-10-23T18:32:57 IST" name="Default test" finished-at="2021-10-23T18:34:20 IST" duration-ms="82962">
      <class name="com.rapl.testcases.testcases">
        <test-method is-config="true" signature="startWebBrowser()[pri:0, instance:com.rapl.testcases.testcases@7d8995e]" started-at="2021-10-23T18:32:57 IST" name="startWebBrowser" finished-at="2021-10-23T18:33:11 IST" duration-ms="13285" status="PASS">
          <reporter-output>
          </reporter-output>
        </test-method> <!-- startWebBrowser -->
        <test-method signature="performLoginOperation()[pri:0, instance:com.rapl.testcases.testcases@7d8995e]" started-at="2021-10-23T18:33:11 IST" name="performLoginOperation" finished-at="2021-10-23T18:33:20 IST" duration-ms="9764" status="PASS">
          <reporter-output>
          </reporter-output>
        </test-method> <!-- performLoginOperation -->
        <test-method signature="performFeedbackOperation()[pri:1, instance:com.rapl.testcases.testcases@7d8995e]" started-at="2021-10-23T18:33:20 IST" name="performFeedbackOperation" finished-at="2021-10-23T18:34:20 IST" duration-ms="59853" status="PASS">
          <reporter-output>
          </reporter-output>
        </test-method> <!-- performFeedbackOperation -->
      </class> <!-- com.rapl.testcases.testcases -->
    </test> <!-- Default test -->
  </suite> <!-- Default suite -->
</testng-results>
